<?xml version="1.0" encoding="UTF-8"?>
<!-- Generated by org.testng.reporters.JUnitReportReporter -->
<testsuite skipped="0" hostname="DELL" name="com.qa.testscripts.TC_AmazonSearch_01" tests="3" failures="0" timestamp="04 May 2021 06:00:00 GMT" time="70.596" errors="0">
  <testcase name="searchItem" time="26.231" classname="com.qa.testscripts.TC_AmazonSearch_01"/>
  <testcase name="searchItem" time="31.080" classname="com.qa.testscripts.TC_AmazonSearch_01"/>
  <testcase name="searchItem" time="13.285" classname="com.qa.testscripts.TC_AmazonSearch_01"/>
</testsuite> <!-- com.qa.testscripts.TC_AmazonSearch_01 -->
