<?xml version="1.0" encoding="UTF-8"?>
<!-- Generated by org.testng.reporters.JUnitReportReporter -->
<testsuite skipped="0" hostname="DELL" name="com.qa.testscripts.TC_WynkSignIn_01" tests="1" failures="0" timestamp="17 Jun 2021 11:38:54 GMT" time="12.150" errors="0">
  <testcase name="WynkSignIn" time="12.150" classname="com.qa.testscripts.TC_WynkSignIn_01"/>
</testsuite> <!-- com.qa.testscripts.TC_WynkSignIn_01 -->
