<?xml version="1.0" encoding="UTF-8"?>
<!-- Generated by org.testng.reporters.JUnitReportReporter -->
<testsuite skipped="0" hostname="DELL" name="com.qa.testscripts.TC_WynkSignIn_01" tests="1" failures="0" timestamp="04 May 2021 05:56:41 GMT" time="14.624" errors="0">
  <testcase name="WynkSignIn" time="14.624" classname="com.qa.testscripts.TC_WynkSignIn_01"/>
</testsuite> <!-- com.qa.testscripts.TC_WynkSignIn_01 -->
